<?xml version="1.0" encoding="UTF-8"?>
<testsuite xmlns:xsi="http://www.w3.org/2001/XMLSchema-instance" xsi:noNamespaceSchemaLocation="https://maven.apache.org/surefire/maven-surefire-plugin/xsd/surefire-test-report.xsd" name="com.pokemon.AppTest" time="0.003" tests="1" errors="0" skipped="0" failures="0">
  <properties>
    <property name="gopherProxySet" value="false"/>
    <property name="awt.toolkit" value="sun.lwawt.macosx.LWCToolkit"/>
    <property name="java.specification.version" value="11"/>
    <property name="sun.cpu.isalist" value=""/>
    <property name="sun.jnu.encoding" value="UTF-8"/>
    <property name="java.class.path" value="/Users/adeolaojo/Code/pokemon-information-service/target/test-classes:/Users/adeolaojo/Code/pokemon-information-service/target/classes:/Users/adeolaojo/.m2/repository/com/fasterxml/jackson/core/jackson-databind/2.11.3/jackson-databind-2.11.3.jar:/Users/adeolaojo/.m2/repository/com/fasterxml/jackson/core/jackson-annotations/2.11.3/jackson-annotations-2.11.3.jar:/Users/adeolaojo/.m2/repository/com/fasterxml/jackson/core/jackson-core/2.11.3/jackson-core-2.11.3.jar:/Users/adeolaojo/.m2/repository/org/projectlombok/lombok/1.18.12/lombok-1.18.12.jar:/Users/adeolaojo/.m2/repository/com/github/ben-manes/caffeine/caffeine/2.8.8/caffeine-2.8.8.jar:/Users/adeolaojo/.m2/repository/org/checkerframework/checker-qual/3.8.0/checker-qual-3.8.0.jar:/Users/adeolaojo/.m2/repository/com/google/errorprone/error_prone_annotations/2.4.0/error_prone_annotations-2.4.0.jar:/Users/adeolaojo/.m2/repository/org/apache/httpcomponents/httpclient/4.5.13/httpclient-4.5.13.jar:/Users/adeolaojo/.m2/repository/org/apache/httpcomponents/httpcore/4.4.14/httpcore-4.4.14.jar:/Users/adeolaojo/.m2/repository/commons-codec/commons-codec/1.14/commons-codec-1.14.jar:/Users/adeolaojo/.m2/repository/io/micrometer/micrometer-registry-prometheus/1.5.9/micrometer-registry-prometheus-1.5.9.jar:/Users/adeolaojo/.m2/repository/io/micrometer/micrometer-core/1.5.9/micrometer-core-1.5.9.jar:/Users/adeolaojo/.m2/repository/org/hdrhistogram/HdrHistogram/2.1.12/HdrHistogram-2.1.12.jar:/Users/adeolaojo/.m2/repository/org/latencyutils/LatencyUtils/2.0.3/LatencyUtils-2.0.3.jar:/Users/adeolaojo/.m2/repository/io/prometheus/simpleclient_common/0.8.1/simpleclient_common-0.8.1.jar:/Users/adeolaojo/.m2/repository/io/prometheus/simpleclient/0.8.1/simpleclient-0.8.1.jar:/Users/adeolaojo/.m2/repository/org/springdoc/springdoc-openapi-ui/1.5.2/springdoc-openapi-ui-1.5.2.jar:/Users/adeolaojo/.m2/repository/org/springdoc/springdoc-openapi-webmvc-core/1.5.2/springdoc-openapi-webmvc-core-1.5.2.jar:/Users/adeolaojo/.m2/repository/org/springdoc/springdoc-openapi-common/1.5.2/springdoc-openapi-common-1.5.2.jar:/Users/adeolaojo/.m2/repository/io/swagger/core/v3/swagger-models/2.1.6/swagger-models-2.1.6.jar:/Users/adeolaojo/.m2/repository/io/swagger/core/v3/swagger-annotations/2.1.6/swagger-annotations-2.1.6.jar:/Users/adeolaojo/.m2/repository/io/swagger/core/v3/swagger-integration/2.1.6/swagger-integration-2.1.6.jar:/Users/adeolaojo/.m2/repository/io/swagger/core/v3/swagger-core/2.1.6/swagger-core-2.1.6.jar:/Users/adeolaojo/.m2/repository/com/fasterxml/jackson/dataformat/jackson-dataformat-yaml/2.11.3/jackson-dataformat-yaml-2.11.3.jar:/Users/adeolaojo/.m2/repository/jakarta/validation/jakarta.validation-api/2.0.2/jakarta.validation-api-2.0.2.jar:/Users/adeolaojo/.m2/repository/io/github/classgraph/classgraph/4.8.69/classgraph-4.8.69.jar:/Users/adeolaojo/.m2/repository/org/apache/commons/commons-lang3/3.10/commons-lang3-3.10.jar:/Users/adeolaojo/.m2/repository/org/webjars/swagger-ui/3.38.0/swagger-ui-3.38.0.jar:/Users/adeolaojo/.m2/repository/org/webjars/webjars-locator-core/0.45/webjars-locator-core-0.45.jar:/Users/adeolaojo/.m2/repository/org/springframework/boot/spring-boot-starter-test/2.3.7.RELEASE/spring-boot-starter-test-2.3.7.RELEASE.jar:/Users/adeolaojo/.m2/repository/org/springframework/boot/spring-boot-starter/2.3.7.RELEASE/spring-boot-starter-2.3.7.RELEASE.jar:/Users/adeolaojo/.m2/repository/org/springframework/boot/spring-boot/2.3.7.RELEASE/spring-boot-2.3.7.RELEASE.jar:/Users/adeolaojo/.m2/repository/org/springframework/boot/spring-boot-autoconfigure/2.3.7.RELEASE/spring-boot-autoconfigure-2.3.7.RELEASE.jar:/Users/adeolaojo/.m2/repository/org/springframework/boot/spring-boot-starter-logging/2.3.7.RELEASE/spring-boot-starter-logging-2.3.7.RELEASE.jar:/Users/adeolaojo/.m2/repository/ch/qos/logback/logback-classic/1.2.3/logback-classic-1.2.3.jar:/Users/adeolaojo/.m2/repository/ch/qos/logback/logback-core/1.2.3/logback-core-1.2.3.jar:/Users/adeolaojo/.m2/repository/org/apache/logging/log4j/log4j-to-slf4j/2.13.3/log4j-to-slf4j-2.13.3.jar:/Users/adeolaojo/.m2/repository/org/apache/logging/log4j/log4j-api/2.13.3/log4j-api-2.13.3.jar:/Users/adeolaojo/.m2/repository/org/slf4j/jul-to-slf4j/1.7.30/jul-to-slf4j-1.7.30.jar:/Users/adeolaojo/.m2/repository/jakarta/annotation/jakarta.annotation-api/1.3.5/jakarta.annotation-api-1.3.5.jar:/Users/adeolaojo/.m2/repository/org/yaml/snakeyaml/1.26/snakeyaml-1.26.jar:/Users/adeolaojo/.m2/repository/org/springframework/boot/spring-boot-test/2.3.7.RELEASE/spring-boot-test-2.3.7.RELEASE.jar:/Users/adeolaojo/.m2/repository/org/springframework/boot/spring-boot-test-autoconfigure/2.3.7.RELEASE/spring-boot-test-autoconfigure-2.3.7.RELEASE.jar:/Users/adeolaojo/.m2/repository/com/jayway/jsonpath/json-path/2.4.0/json-path-2.4.0.jar:/Users/adeolaojo/.m2/repository/net/minidev/json-smart/2.3/json-smart-2.3.jar:/Users/adeolaojo/.m2/repository/net/minidev/accessors-smart/1.2/accessors-smart-1.2.jar:/Users/adeolaojo/.m2/repository/jakarta/xml/bind/jakarta.xml.bind-api/2.3.3/jakarta.xml.bind-api-2.3.3.jar:/Users/adeolaojo/.m2/repository/jakarta/activation/jakarta.activation-api/1.2.2/jakarta.activation-api-1.2.2.jar:/Users/adeolaojo/.m2/repository/org/hamcrest/hamcrest/2.2/hamcrest-2.2.jar:/Users/adeolaojo/.m2/repository/org/junit/jupiter/junit-jupiter/5.6.3/junit-jupiter-5.6.3.jar:/Users/adeolaojo/.m2/repository/org/junit/jupiter/junit-jupiter-params/5.6.3/junit-jupiter-params-5.6.3.jar:/Users/adeolaojo/.m2/repository/org/junit/vintage/junit-vintage-engine/5.6.3/junit-vintage-engine-5.6.3.jar:/Users/adeolaojo/.m2/repository/junit/junit/4.13.1/junit-4.13.1.jar:/Users/adeolaojo/.m2/repository/org/mockito/mockito-core/3.3.3/mockito-core-3.3.3.jar:/Users/adeolaojo/.m2/repository/net/bytebuddy/byte-buddy/1.10.18/byte-buddy-1.10.18.jar:/Users/adeolaojo/.m2/repository/net/bytebuddy/byte-buddy-agent/1.10.18/byte-buddy-agent-1.10.18.jar:/Users/adeolaojo/.m2/repository/org/objenesis/objenesis/2.6/objenesis-2.6.jar:/Users/adeolaojo/.m2/repository/org/skyscreamer/jsonassert/1.5.0/jsonassert-1.5.0.jar:/Users/adeolaojo/.m2/repository/com/vaadin/external/google/android-json/0.0.20131108.vaadin1/android-json-0.0.20131108.vaadin1.jar:/Users/adeolaojo/.m2/repository/org/springframework/spring-core/5.2.12.RELEASE/spring-core-5.2.12.RELEASE.jar:/Users/adeolaojo/.m2/repository/org/springframework/spring-jcl/5.2.12.RELEASE/spring-jcl-5.2.12.RELEASE.jar:/Users/adeolaojo/.m2/repository/org/springframework/spring-test/5.2.12.RELEASE/spring-test-5.2.12.RELEASE.jar:/Users/adeolaojo/.m2/repository/org/xmlunit/xmlunit-core/2.7.0/xmlunit-core-2.7.0.jar:/Users/adeolaojo/.m2/repository/org/springframework/boot/spring-boot-starter-actuator/2.3.7.RELEASE/spring-boot-starter-actuator-2.3.7.RELEASE.jar:/Users/adeolaojo/.m2/repository/org/springframework/boot/spring-boot-actuator-autoconfigure/2.3.7.RELEASE/spring-boot-actuator-autoconfigure-2.3.7.RELEASE.jar:/Users/adeolaojo/.m2/repository/org/springframework/boot/spring-boot-actuator/2.3.7.RELEASE/spring-boot-actuator-2.3.7.RELEASE.jar:/Users/adeolaojo/.m2/repository/com/fasterxml/jackson/datatype/jackson-datatype-jsr310/2.11.3/jackson-datatype-jsr310-2.11.3.jar:/Users/adeolaojo/.m2/repository/org/springframework/boot/spring-boot-starter-web/2.3.7.RELEASE/spring-boot-starter-web-2.3.7.RELEASE.jar:/Users/adeolaojo/.m2/repository/org/springframework/boot/spring-boot-starter-json/2.3.7.RELEASE/spring-boot-starter-json-2.3.7.RELEASE.jar:/Users/adeolaojo/.m2/repository/com/fasterxml/jackson/datatype/jackson-datatype-jdk8/2.11.3/jackson-datatype-jdk8-2.11.3.jar:/Users/adeolaojo/.m2/repository/com/fasterxml/jackson/module/jackson-module-parameter-names/2.11.3/jackson-module-parameter-names-2.11.3.jar:/Users/adeolaojo/.m2/repository/org/springframework/spring-web/5.2.12.RELEASE/spring-web-5.2.12.RELEASE.jar:/Users/adeolaojo/.m2/repository/org/springframework/spring-beans/5.2.12.RELEASE/spring-beans-5.2.12.RELEASE.jar:/Users/adeolaojo/.m2/repository/org/springframework/spring-webmvc/5.2.12.RELEASE/spring-webmvc-5.2.12.RELEASE.jar:/Users/adeolaojo/.m2/repository/org/springframework/spring-aop/5.2.12.RELEASE/spring-aop-5.2.12.RELEASE.jar:/Users/adeolaojo/.m2/repository/org/springframework/spring-context/5.2.12.RELEASE/spring-context-5.2.12.RELEASE.jar:/Users/adeolaojo/.m2/repository/org/springframework/spring-expression/5.2.12.RELEASE/spring-expression-5.2.12.RELEASE.jar:/Users/adeolaojo/.m2/repository/org/springframework/boot/spring-boot-starter-jetty/2.3.7.RELEASE/spring-boot-starter-jetty-2.3.7.RELEASE.jar:/Users/adeolaojo/.m2/repository/jakarta/servlet/jakarta.servlet-api/4.0.4/jakarta.servlet-api-4.0.4.jar:/Users/adeolaojo/.m2/repository/jakarta/websocket/jakarta.websocket-api/1.1.2/jakarta.websocket-api-1.1.2.jar:/Users/adeolaojo/.m2/repository/org/eclipse/jetty/jetty-servlets/9.4.35.v20201120/jetty-servlets-9.4.35.v20201120.jar:/Users/adeolaojo/.m2/repository/org/eclipse/jetty/jetty-continuation/9.4.35.v20201120/jetty-continuation-9.4.35.v20201120.jar:/Users/adeolaojo/.m2/repository/org/eclipse/jetty/jetty-http/9.4.35.v20201120/jetty-http-9.4.35.v20201120.jar:/Users/adeolaojo/.m2/repository/org/eclipse/jetty/jetty-util/9.4.35.v20201120/jetty-util-9.4.35.v20201120.jar:/Users/adeolaojo/.m2/repository/org/eclipse/jetty/jetty-io/9.4.35.v20201120/jetty-io-9.4.35.v20201120.jar:/Users/adeolaojo/.m2/repository/org/eclipse/jetty/jetty-webapp/9.4.35.v20201120/jetty-webapp-9.4.35.v20201120.jar:/Users/adeolaojo/.m2/repository/org/eclipse/jetty/jetty-xml/9.4.35.v20201120/jetty-xml-9.4.35.v20201120.jar:/Users/adeolaojo/.m2/repository/org/eclipse/jetty/jetty-servlet/9.4.35.v20201120/jetty-servlet-9.4.35.v20201120.jar:/Users/adeolaojo/.m2/repository/org/eclipse/jetty/jetty-security/9.4.35.v20201120/jetty-security-9.4.35.v20201120.jar:/Users/adeolaojo/.m2/repository/org/eclipse/jetty/jetty-server/9.4.35.v20201120/jetty-server-9.4.35.v20201120.jar:/Users/adeolaojo/.m2/repository/org/eclipse/jetty/jetty-util-ajax/9.4.35.v20201120/jetty-util-ajax-9.4.35.v20201120.jar:/Users/adeolaojo/.m2/repository/org/eclipse/jetty/websocket/websocket-server/9.4.35.v20201120/websocket-server-9.4.35.v20201120.jar:/Users/adeolaojo/.m2/repository/org/eclipse/jetty/websocket/websocket-common/9.4.35.v20201120/websocket-common-9.4.35.v20201120.jar:/Users/adeolaojo/.m2/repository/org/eclipse/jetty/websocket/websocket-api/9.4.35.v20201120/websocket-api-9.4.35.v20201120.jar:/Users/adeolaojo/.m2/repository/org/eclipse/jetty/websocket/websocket-client/9.4.35.v20201120/websocket-client-9.4.35.v20201120.jar:/Users/adeolaojo/.m2/repository/org/eclipse/jetty/jetty-client/9.4.35.v20201120/jetty-client-9.4.35.v20201120.jar:/Users/adeolaojo/.m2/repository/org/eclipse/jetty/websocket/websocket-servlet/9.4.35.v20201120/websocket-servlet-9.4.35.v20201120.jar:/Users/adeolaojo/.m2/repository/org/eclipse/jetty/websocket/javax-websocket-server-impl/9.4.35.v20201120/javax-websocket-server-impl-9.4.35.v20201120.jar:/Users/adeolaojo/.m2/repository/org/eclipse/jetty/jetty-annotations/9.4.35.v20201120/jetty-annotations-9.4.35.v20201120.jar:/Users/adeolaojo/.m2/repository/org/eclipse/jetty/jetty-plus/9.4.35.v20201120/jetty-plus-9.4.35.v20201120.jar:/Users/adeolaojo/.m2/repository/org/ow2/asm/asm/9.0/asm-9.0.jar:/Users/adeolaojo/.m2/repository/org/ow2/asm/asm-commons/9.0/asm-commons-9.0.jar:/Users/adeolaojo/.m2/repository/org/ow2/asm/asm-tree/9.0/asm-tree-9.0.jar:/Users/adeolaojo/.m2/repository/org/ow2/asm/asm-analysis/9.0/asm-analysis-9.0.jar:/Users/adeolaojo/.m2/repository/org/eclipse/jetty/websocket/javax-websocket-client-impl/9.4.35.v20201120/javax-websocket-client-impl-9.4.35.v20201120.jar:/Users/adeolaojo/.m2/repository/org/glassfish/jakarta.el/3.0.3/jakarta.el-3.0.3.jar:/Users/adeolaojo/.m2/repository/org/junit/jupiter/junit-jupiter-engine/5.6.3/junit-jupiter-engine-5.6.3.jar:/Users/adeolaojo/.m2/repository/org/apiguardian/apiguardian-api/1.1.0/apiguardian-api-1.1.0.jar:/Users/adeolaojo/.m2/repository/org/junit/platform/junit-platform-engine/1.6.3/junit-platform-engine-1.6.3.jar:/Users/adeolaojo/.m2/repository/org/opentest4j/opentest4j/1.2.0/opentest4j-1.2.0.jar:/Users/adeolaojo/.m2/repository/org/junit/platform/junit-platform-commons/1.6.3/junit-platform-commons-1.6.3.jar:/Users/adeolaojo/.m2/repository/org/junit/jupiter/junit-jupiter-api/5.6.3/junit-jupiter-api-5.6.3.jar:/Users/adeolaojo/.m2/repository/org/mockito/mockito-junit-jupiter/3.2.4/mockito-junit-jupiter-3.2.4.jar:/Users/adeolaojo/.m2/repository/com/github/tomakehurst/wiremock/1.58/wiremock-1.58.jar:/Users/adeolaojo/.m2/repository/xmlunit/xmlunit/1.6/xmlunit-1.6.jar:/Users/adeolaojo/.m2/repository/org/mortbay/jetty/jetty/6.1.26/jetty-6.1.26.jar:/Users/adeolaojo/.m2/repository/org/mortbay/jetty/jetty-util/6.1.26/jetty-util-6.1.26.jar:/Users/adeolaojo/.m2/repository/org/mortbay/jetty/servlet-api/2.5-20081211/servlet-api-2.5-20081211.jar:/Users/adeolaojo/.m2/repository/net/sf/jopt-simple/jopt-simple/4.9/jopt-simple-4.9.jar:/Users/adeolaojo/.m2/repository/org/slf4j/slf4j-api/1.7.30/slf4j-api-1.7.30.jar:/Users/adeolaojo/.m2/repository/com/google/guava/guava/18.0/guava-18.0.jar:/Users/adeolaojo/.m2/repository/com/github/tomakehurst/wiremock-standalone/2.19.0/wiremock-standalone-2.19.0.jar:/Users/adeolaojo/.m2/repository/org/assertj/assertj-core/3.18.0/assertj-core-3.18.0.jar:"/>
    <property name="java.vm.vendor" value="Oracle Corporation"/>
    <property name="sun.arch.data.model" value="64"/>
    <property name="java.vendor.url" value="http://java.oracle.com/"/>
    <property name="user.timezone" value=""/>
    <property name="java.vm.specification.version" value="11"/>
    <property name="os.name" value="Mac OS X"/>
    <property name="sun.java.launcher" value="SUN_STANDARD"/>
    <property name="user.country" value="GB"/>
    <property name="sun.boot.library.path" value="/Library/Java/JavaVirtualMachines/openjdk-11.0.2.jdk/Contents/Home/lib"/>
    <property name="sun.java.command" value="/Users/adeolaojo/Code/pokemon-information-service/target/surefire/surefirebooter4370490799720562182.jar /Users/adeolaojo/Code/pokemon-information-service/target/surefire 2021-03-30T21-02-02_392-jvmRun1 surefire4803639449326170365tmp surefire_017013195919390848155tmp"/>
    <property name="http.nonProxyHosts" value="local|*.local|169.254/16|*.169.254/16"/>
    <property name="jdk.debug" value="release"/>
    <property name="surefire.test.class.path" value="/Users/adeolaojo/Code/pokemon-information-service/target/test-classes:/Users/adeolaojo/Code/pokemon-information-service/target/classes:/Users/adeolaojo/.m2/repository/com/fasterxml/jackson/core/jackson-databind/2.11.3/jackson-databind-2.11.3.jar:/Users/adeolaojo/.m2/repository/com/fasterxml/jackson/core/jackson-annotations/2.11.3/jackson-annotations-2.11.3.jar:/Users/adeolaojo/.m2/repository/com/fasterxml/jackson/core/jackson-core/2.11.3/jackson-core-2.11.3.jar:/Users/adeolaojo/.m2/repository/org/projectlombok/lombok/1.18.12/lombok-1.18.12.jar:/Users/adeolaojo/.m2/repository/com/github/ben-manes/caffeine/caffeine/2.8.8/caffeine-2.8.8.jar:/Users/adeolaojo/.m2/repository/org/checkerframework/checker-qual/3.8.0/checker-qual-3.8.0.jar:/Users/adeolaojo/.m2/repository/com/google/errorprone/error_prone_annotations/2.4.0/error_prone_annotations-2.4.0.jar:/Users/adeolaojo/.m2/repository/org/apache/httpcomponents/httpclient/4.5.13/httpclient-4.5.13.jar:/Users/adeolaojo/.m2/repository/org/apache/httpcomponents/httpcore/4.4.14/httpcore-4.4.14.jar:/Users/adeolaojo/.m2/repository/commons-codec/commons-codec/1.14/commons-codec-1.14.jar:/Users/adeolaojo/.m2/repository/io/micrometer/micrometer-registry-prometheus/1.5.9/micrometer-registry-prometheus-1.5.9.jar:/Users/adeolaojo/.m2/repository/io/micrometer/micrometer-core/1.5.9/micrometer-core-1.5.9.jar:/Users/adeolaojo/.m2/repository/org/hdrhistogram/HdrHistogram/2.1.12/HdrHistogram-2.1.12.jar:/Users/adeolaojo/.m2/repository/org/latencyutils/LatencyUtils/2.0.3/LatencyUtils-2.0.3.jar:/Users/adeolaojo/.m2/repository/io/prometheus/simpleclient_common/0.8.1/simpleclient_common-0.8.1.jar:/Users/adeolaojo/.m2/repository/io/prometheus/simpleclient/0.8.1/simpleclient-0.8.1.jar:/Users/adeolaojo/.m2/repository/org/springdoc/springdoc-openapi-ui/1.5.2/springdoc-openapi-ui-1.5.2.jar:/Users/adeolaojo/.m2/repository/org/springdoc/springdoc-openapi-webmvc-core/1.5.2/springdoc-openapi-webmvc-core-1.5.2.jar:/Users/adeolaojo/.m2/repository/org/springdoc/springdoc-openapi-common/1.5.2/springdoc-openapi-common-1.5.2.jar:/Users/adeolaojo/.m2/repository/io/swagger/core/v3/swagger-models/2.1.6/swagger-models-2.1.6.jar:/Users/adeolaojo/.m2/repository/io/swagger/core/v3/swagger-annotations/2.1.6/swagger-annotations-2.1.6.jar:/Users/adeolaojo/.m2/repository/io/swagger/core/v3/swagger-integration/2.1.6/swagger-integration-2.1.6.jar:/Users/adeolaojo/.m2/repository/io/swagger/core/v3/swagger-core/2.1.6/swagger-core-2.1.6.jar:/Users/adeolaojo/.m2/repository/com/fasterxml/jackson/dataformat/jackson-dataformat-yaml/2.11.3/jackson-dataformat-yaml-2.11.3.jar:/Users/adeolaojo/.m2/repository/jakarta/validation/jakarta.validation-api/2.0.2/jakarta.validation-api-2.0.2.jar:/Users/adeolaojo/.m2/repository/io/github/classgraph/classgraph/4.8.69/classgraph-4.8.69.jar:/Users/adeolaojo/.m2/repository/org/apache/commons/commons-lang3/3.10/commons-lang3-3.10.jar:/Users/adeolaojo/.m2/repository/org/webjars/swagger-ui/3.38.0/swagger-ui-3.38.0.jar:/Users/adeolaojo/.m2/repository/org/webjars/webjars-locator-core/0.45/webjars-locator-core-0.45.jar:/Users/adeolaojo/.m2/repository/org/springframework/boot/spring-boot-starter-test/2.3.7.RELEASE/spring-boot-starter-test-2.3.7.RELEASE.jar:/Users/adeolaojo/.m2/repository/org/springframework/boot/spring-boot-starter/2.3.7.RELEASE/spring-boot-starter-2.3.7.RELEASE.jar:/Users/adeolaojo/.m2/repository/org/springframework/boot/spring-boot/2.3.7.RELEASE/spring-boot-2.3.7.RELEASE.jar:/Users/adeolaojo/.m2/repository/org/springframework/boot/spring-boot-autoconfigure/2.3.7.RELEASE/spring-boot-autoconfigure-2.3.7.RELEASE.jar:/Users/adeolaojo/.m2/repository/org/springframework/boot/spring-boot-starter-logging/2.3.7.RELEASE/spring-boot-starter-logging-2.3.7.RELEASE.jar:/Users/adeolaojo/.m2/repository/ch/qos/logback/logback-classic/1.2.3/logback-classic-1.2.3.jar:/Users/adeolaojo/.m2/repository/ch/qos/logback/logback-core/1.2.3/logback-core-1.2.3.jar:/Users/adeolaojo/.m2/repository/org/apache/logging/log4j/log4j-to-slf4j/2.13.3/log4j-to-slf4j-2.13.3.jar:/Users/adeolaojo/.m2/repository/org/apache/logging/log4j/log4j-api/2.13.3/log4j-api-2.13.3.jar:/Users/adeolaojo/.m2/repository/org/slf4j/jul-to-slf4j/1.7.30/jul-to-slf4j-1.7.30.jar:/Users/adeolaojo/.m2/repository/jakarta/annotation/jakarta.annotation-api/1.3.5/jakarta.annotation-api-1.3.5.jar:/Users/adeolaojo/.m2/repository/org/yaml/snakeyaml/1.26/snakeyaml-1.26.jar:/Users/adeolaojo/.m2/repository/org/springframework/boot/spring-boot-test/2.3.7.RELEASE/spring-boot-test-2.3.7.RELEASE.jar:/Users/adeolaojo/.m2/repository/org/springframework/boot/spring-boot-test-autoconfigure/2.3.7.RELEASE/spring-boot-test-autoconfigure-2.3.7.RELEASE.jar:/Users/adeolaojo/.m2/repository/com/jayway/jsonpath/json-path/2.4.0/json-path-2.4.0.jar:/Users/adeolaojo/.m2/repository/net/minidev/json-smart/2.3/json-smart-2.3.jar:/Users/adeolaojo/.m2/repository/net/minidev/accessors-smart/1.2/accessors-smart-1.2.jar:/Users/adeolaojo/.m2/repository/jakarta/xml/bind/jakarta.xml.bind-api/2.3.3/jakarta.xml.bind-api-2.3.3.jar:/Users/adeolaojo/.m2/repository/jakarta/activation/jakarta.activation-api/1.2.2/jakarta.activation-api-1.2.2.jar:/Users/adeolaojo/.m2/repository/org/hamcrest/hamcrest/2.2/hamcrest-2.2.jar:/Users/adeolaojo/.m2/repository/org/junit/jupiter/junit-jupiter/5.6.3/junit-jupiter-5.6.3.jar:/Users/adeolaojo/.m2/repository/org/junit/jupiter/junit-jupiter-params/5.6.3/junit-jupiter-params-5.6.3.jar:/Users/adeolaojo/.m2/repository/org/junit/vintage/junit-vintage-engine/5.6.3/junit-vintage-engine-5.6.3.jar:/Users/adeolaojo/.m2/repository/junit/junit/4.13.1/junit-4.13.1.jar:/Users/adeolaojo/.m2/repository/org/mockito/mockito-core/3.3.3/mockito-core-3.3.3.jar:/Users/adeolaojo/.m2/repository/net/bytebuddy/byte-buddy/1.10.18/byte-buddy-1.10.18.jar:/Users/adeolaojo/.m2/repository/net/bytebuddy/byte-buddy-agent/1.10.18/byte-buddy-agent-1.10.18.jar:/Users/adeolaojo/.m2/repository/org/objenesis/objenesis/2.6/objenesis-2.6.jar:/Users/adeolaojo/.m2/repository/org/skyscreamer/jsonassert/1.5.0/jsonassert-1.5.0.jar:/Users/adeolaojo/.m2/repository/com/vaadin/external/google/android-json/0.0.20131108.vaadin1/android-json-0.0.20131108.vaadin1.jar:/Users/adeolaojo/.m2/repository/org/springframework/spring-core/5.2.12.RELEASE/spring-core-5.2.12.RELEASE.jar:/Users/adeolaojo/.m2/repository/org/springframework/spring-jcl/5.2.12.RELEASE/spring-jcl-5.2.12.RELEASE.jar:/Users/adeolaojo/.m2/repository/org/springframework/spring-test/5.2.12.RELEASE/spring-test-5.2.12.RELEASE.jar:/Users/adeolaojo/.m2/repository/org/xmlunit/xmlunit-core/2.7.0/xmlunit-core-2.7.0.jar:/Users/adeolaojo/.m2/repository/org/springframework/boot/spring-boot-starter-actuator/2.3.7.RELEASE/spring-boot-starter-actuator-2.3.7.RELEASE.jar:/Users/adeolaojo/.m2/repository/org/springframework/boot/spring-boot-actuator-autoconfigure/2.3.7.RELEASE/spring-boot-actuator-autoconfigure-2.3.7.RELEASE.jar:/Users/adeolaojo/.m2/repository/org/springframework/boot/spring-boot-actuator/2.3.7.RELEASE/spring-boot-actuator-2.3.7.RELEASE.jar:/Users/adeolaojo/.m2/repository/com/fasterxml/jackson/datatype/jackson-datatype-jsr310/2.11.3/jackson-datatype-jsr310-2.11.3.jar:/Users/adeolaojo/.m2/repository/org/springframework/boot/spring-boot-starter-web/2.3.7.RELEASE/spring-boot-starter-web-2.3.7.RELEASE.jar:/Users/adeolaojo/.m2/repository/org/springframework/boot/spring-boot-starter-json/2.3.7.RELEASE/spring-boot-starter-json-2.3.7.RELEASE.jar:/Users/adeolaojo/.m2/repository/com/fasterxml/jackson/datatype/jackson-datatype-jdk8/2.11.3/jackson-datatype-jdk8-2.11.3.jar:/Users/adeolaojo/.m2/repository/com/fasterxml/jackson/module/jackson-module-parameter-names/2.11.3/jackson-module-parameter-names-2.11.3.jar:/Users/adeolaojo/.m2/repository/org/springframework/spring-web/5.2.12.RELEASE/spring-web-5.2.12.RELEASE.jar:/Users/adeolaojo/.m2/repository/org/springframework/spring-beans/5.2.12.RELEASE/spring-beans-5.2.12.RELEASE.jar:/Users/adeolaojo/.m2/repository/org/springframework/spring-webmvc/5.2.12.RELEASE/spring-webmvc-5.2.12.RELEASE.jar:/Users/adeolaojo/.m2/repository/org/springframework/spring-aop/5.2.12.RELEASE/spring-aop-5.2.12.RELEASE.jar:/Users/adeolaojo/.m2/repository/org/springframework/spring-context/5.2.12.RELEASE/spring-context-5.2.12.RELEASE.jar:/Users/adeolaojo/.m2/repository/org/springframework/spring-expression/5.2.12.RELEASE/spring-expression-5.2.12.RELEASE.jar:/Users/adeolaojo/.m2/repository/org/springframework/boot/spring-boot-starter-jetty/2.3.7.RELEASE/spring-boot-starter-jetty-2.3.7.RELEASE.jar:/Users/adeolaojo/.m2/repository/jakarta/servlet/jakarta.servlet-api/4.0.4/jakarta.servlet-api-4.0.4.jar:/Users/adeolaojo/.m2/repository/jakarta/websocket/jakarta.websocket-api/1.1.2/jakarta.websocket-api-1.1.2.jar:/Users/adeolaojo/.m2/repository/org/eclipse/jetty/jetty-servlets/9.4.35.v20201120/jetty-servlets-9.4.35.v20201120.jar:/Users/adeolaojo/.m2/repository/org/eclipse/jetty/jetty-continuation/9.4.35.v20201120/jetty-continuation-9.4.35.v20201120.jar:/Users/adeolaojo/.m2/repository/org/eclipse/jetty/jetty-http/9.4.35.v20201120/jetty-http-9.4.35.v20201120.jar:/Users/adeolaojo/.m2/repository/org/eclipse/jetty/jetty-util/9.4.35.v20201120/jetty-util-9.4.35.v20201120.jar:/Users/adeolaojo/.m2/repository/org/eclipse/jetty/jetty-io/9.4.35.v20201120/jetty-io-9.4.35.v20201120.jar:/Users/adeolaojo/.m2/repository/org/eclipse/jetty/jetty-webapp/9.4.35.v20201120/jetty-webapp-9.4.35.v20201120.jar:/Users/adeolaojo/.m2/repository/org/eclipse/jetty/jetty-xml/9.4.35.v20201120/jetty-xml-9.4.35.v20201120.jar:/Users/adeolaojo/.m2/repository/org/eclipse/jetty/jetty-servlet/9.4.35.v20201120/jetty-servlet-9.4.35.v20201120.jar:/Users/adeolaojo/.m2/repository/org/eclipse/jetty/jetty-security/9.4.35.v20201120/jetty-security-9.4.35.v20201120.jar:/Users/adeolaojo/.m2/repository/org/eclipse/jetty/jetty-server/9.4.35.v20201120/jetty-server-9.4.35.v20201120.jar:/Users/adeolaojo/.m2/repository/org/eclipse/jetty/jetty-util-ajax/9.4.35.v20201120/jetty-util-ajax-9.4.35.v20201120.jar:/Users/adeolaojo/.m2/repository/org/eclipse/jetty/websocket/websocket-server/9.4.35.v20201120/websocket-server-9.4.35.v20201120.jar:/Users/adeolaojo/.m2/repository/org/eclipse/jetty/websocket/websocket-common/9.4.35.v20201120/websocket-common-9.4.35.v20201120.jar:/Users/adeolaojo/.m2/repository/org/eclipse/jetty/websocket/websocket-api/9.4.35.v20201120/websocket-api-9.4.35.v20201120.jar:/Users/adeolaojo/.m2/repository/org/eclipse/jetty/websocket/websocket-client/9.4.35.v20201120/websocket-client-9.4.35.v20201120.jar:/Users/adeolaojo/.m2/repository/org/eclipse/jetty/jetty-client/9.4.35.v20201120/jetty-client-9.4.35.v20201120.jar:/Users/adeolaojo/.m2/repository/org/eclipse/jetty/websocket/websocket-servlet/9.4.35.v20201120/websocket-servlet-9.4.35.v20201120.jar:/Users/adeolaojo/.m2/repository/org/eclipse/jetty/websocket/javax-websocket-server-impl/9.4.35.v20201120/javax-websocket-server-impl-9.4.35.v20201120.jar:/Users/adeolaojo/.m2/repository/org/eclipse/jetty/jetty-annotations/9.4.35.v20201120/jetty-annotations-9.4.35.v20201120.jar:/Users/adeolaojo/.m2/repository/org/eclipse/jetty/jetty-plus/9.4.35.v20201120/jetty-plus-9.4.35.v20201120.jar:/Users/adeolaojo/.m2/repository/org/ow2/asm/asm/9.0/asm-9.0.jar:/Users/adeolaojo/.m2/repository/org/ow2/asm/asm-commons/9.0/asm-commons-9.0.jar:/Users/adeolaojo/.m2/repository/org/ow2/asm/asm-tree/9.0/asm-tree-9.0.jar:/Users/adeolaojo/.m2/repository/org/ow2/asm/asm-analysis/9.0/asm-analysis-9.0.jar:/Users/adeolaojo/.m2/repository/org/eclipse/jetty/websocket/javax-websocket-client-impl/9.4.35.v20201120/javax-websocket-client-impl-9.4.35.v20201120.jar:/Users/adeolaojo/.m2/repository/org/glassfish/jakarta.el/3.0.3/jakarta.el-3.0.3.jar:/Users/adeolaojo/.m2/repository/org/junit/jupiter/junit-jupiter-engine/5.6.3/junit-jupiter-engine-5.6.3.jar:/Users/adeolaojo/.m2/repository/org/apiguardian/apiguardian-api/1.1.0/apiguardian-api-1.1.0.jar:/Users/adeolaojo/.m2/repository/org/junit/platform/junit-platform-engine/1.6.3/junit-platform-engine-1.6.3.jar:/Users/adeolaojo/.m2/repository/org/opentest4j/opentest4j/1.2.0/opentest4j-1.2.0.jar:/Users/adeolaojo/.m2/repository/org/junit/platform/junit-platform-commons/1.6.3/junit-platform-commons-1.6.3.jar:/Users/adeolaojo/.m2/repository/org/junit/jupiter/junit-jupiter-api/5.6.3/junit-jupiter-api-5.6.3.jar:/Users/adeolaojo/.m2/repository/org/mockito/mockito-junit-jupiter/3.2.4/mockito-junit-jupiter-3.2.4.jar:/Users/adeolaojo/.m2/repository/com/github/tomakehurst/wiremock/1.58/wiremock-1.58.jar:/Users/adeolaojo/.m2/repository/xmlunit/xmlunit/1.6/xmlunit-1.6.jar:/Users/adeolaojo/.m2/repository/org/mortbay/jetty/jetty/6.1.26/jetty-6.1.26.jar:/Users/adeolaojo/.m2/repository/org/mortbay/jetty/jetty-util/6.1.26/jetty-util-6.1.26.jar:/Users/adeolaojo/.m2/repository/org/mortbay/jetty/servlet-api/2.5-20081211/servlet-api-2.5-20081211.jar:/Users/adeolaojo/.m2/repository/net/sf/jopt-simple/jopt-simple/4.9/jopt-simple-4.9.jar:/Users/adeolaojo/.m2/repository/org/slf4j/slf4j-api/1.7.30/slf4j-api-1.7.30.jar:/Users/adeolaojo/.m2/repository/com/google/guava/guava/18.0/guava-18.0.jar:/Users/adeolaojo/.m2/repository/com/github/tomakehurst/wiremock-standalone/2.19.0/wiremock-standalone-2.19.0.jar:/Users/adeolaojo/.m2/repository/org/assertj/assertj-core/3.18.0/assertj-core-3.18.0.jar:"/>
    <property name="sun.cpu.endian" value="little"/>
    <property name="user.home" value="/Users/adeolaojo"/>
    <property name="user.language" value="en"/>
    <property name="java.specification.vendor" value="Oracle Corporation"/>
    <property name="java.version.date" value="2019-01-15"/>
    <property name="java.home" value="/Library/Java/JavaVirtualMachines/openjdk-11.0.2.jdk/Contents/Home"/>
    <property name="file.separator" value="/"/>
    <property name="basedir" value="/Users/adeolaojo/Code/pokemon-information-service"/>
    <property name="java.vm.compressedOopsMode" value="Zero based"/>
    <property name="line.separator" value="&#10;"/>
    <property name="java.specification.name" value="Java Platform API Specification"/>
    <property name="java.vm.specification.vendor" value="Oracle Corporation"/>
    <property name="java.awt.graphicsenv" value="sun.awt.CGraphicsEnvironment"/>
    <property name="surefire.real.class.path" value="/Users/adeolaojo/Code/pokemon-information-service/target/surefire/surefirebooter4370490799720562182.jar"/>
    <property name="sun.management.compiler" value="HotSpot 64-Bit Tiered Compilers"/>
    <property name="ftp.nonProxyHosts" value="local|*.local|169.254/16|*.169.254/16"/>
    <property name="java.runtime.version" value="11.0.2+9"/>
    <property name="user.name" value="adeolaojo"/>
    <property name="path.separator" value=":"/>
    <property name="os.version" value="10.16"/>
    <property name="java.runtime.name" value="OpenJDK Runtime Environment"/>
    <property name="file.encoding" value="UTF-8"/>
    <property name="java.vm.name" value="OpenJDK 64-Bit Server VM"/>
    <property name="java.vendor.version" value="18.9"/>
    <property name="localRepository" value="/Users/adeolaojo/.m2/repository"/>
    <property name="java.vendor.url.bug" value="http://bugreport.java.com/bugreport/"/>
    <property name="java.io.tmpdir" value="/var/folders/v1/jx0yrry91790zfbpl3b79_r40000gn/T/"/>
    <property name="java.version" value="11.0.2"/>
    <property name="user.dir" value="/Users/adeolaojo/Code/pokemon-information-service"/>
    <property name="os.arch" value="x86_64"/>
    <property name="java.vm.specification.name" value="Java Virtual Machine Specification"/>
    <property name="java.awt.printerjob" value="sun.lwawt.macosx.CPrinterJob"/>
    <property name="sun.os.patch.level" value="unknown"/>
    <property name="java.library.path" value="/Users/adeolaojo/Library/Java/Extensions:/Library/Java/Extensions:/Network/Library/Java/Extensions:/System/Library/Java/Extensions:/usr/lib/java:."/>
    <property name="java.vendor" value="Oracle Corporation"/>
    <property name="java.vm.info" value="mixed mode"/>
    <property name="java.vm.version" value="11.0.2+9"/>
    <property name="sun.io.unicode.encoding" value="UnicodeBig"/>
    <property name="java.class.version" value="55.0"/>
    <property name="socksNonProxyHosts" value="local|*.local|169.254/16|*.169.254/16"/>
  </properties>
  <testcase name="shouldAnswerWithTrue" classname="com.pokemon.AppTest" time="0"/>
</testsuite>